TN:
SF:src\index.ts
FN:19,(anonymous_1)
FN:21,(anonymous_2)
FN:35,(anonymous_3)
FN:41,(anonymous_4)
FN:52,(anonymous_5)
FN:57,(anonymous_6)
FN:64,(anonymous_7)
FN:89,(anonymous_8)
FN:113,(anonymous_9)
FNF:9
FNH:0
FNDA:0,(anonymous_1)
FNDA:0,(anonymous_2)
FNDA:0,(anonymous_3)
FNDA:0,(anonymous_4)
FNDA:0,(anonymous_5)
FNDA:0,(anonymous_6)
FNDA:0,(anonymous_7)
FNDA:0,(anonymous_8)
FNDA:0,(anonymous_9)
DA:1,0
DA:2,0
DA:3,0
DA:4,0
DA:5,0
DA:17,0
DA:19,0
DA:22,0
DA:27,0
DA:28,0
DA:31,0
DA:32,0
DA:35,0
DA:36,0
DA:37,0
DA:41,0
DA:42,0
DA:48,0
DA:52,0
DA:53,0
DA:57,0
DA:58,0
DA:59,0
DA:60,0
DA:64,0
DA:65,0
DA:66,0
DA:67,0
DA:69,0
DA:76,0
DA:78,0
DA:84,0
DA:89,0
DA:90,0
DA:91,0
DA:92,0
DA:94,0
DA:99,0
DA:101,0
DA:107,0
DA:112,0
DA:113,0
DA:114,0
LF:43
LH:0
BRDA:36,0,0,0
BRDA:36,0,1,0
BRDA:80,1,0,0
BRDA:80,1,1,0
BRDA:103,2,0,0
BRDA:103,2,1,0
BRDA:112,3,0,0
BRDA:112,3,1,0
BRF:8
BRH:0
end_of_record
TN:
SF:src\metrics\MetricsService.ts
FN:9,(anonymous_0)
FN:38,(anonymous_1)
FN:43,(anonymous_2)
FN:48,(anonymous_3)
FN:53,(anonymous_4)
FNF:5
FNH:3
FNDA:8,(anonymous_0)
FNDA:3,(anonymous_1)
FNDA:5,(anonymous_2)
FNDA:0,(anonymous_3)
FNDA:0,(anonymous_4)
DA:1,1
DA:3,1
DA:10,8
DA:13,8
DA:22,8
DA:29,8
DA:39,3
DA:44,5
DA:49,0
DA:54,0
LF:10
LH:8
BRF:0
BRH:0
end_of_record
TN:
SF:src\services\VaultService.ts
FN:9,(anonymous_10)
FN:19,(anonymous_11)
FN:23,(anonymous_12)
FN:59,(anonymous_13)
FN:64,(anonymous_14)
FNF:5
FNH:5
FNDA:6,(anonymous_10)
FNDA:8,(anonymous_11)
FNDA:3,(anonymous_12)
FNDA:6,(anonymous_13)
FNDA:84,(anonymous_14)
DA:1,1
DA:3,1
DA:4,1
DA:6,1
DA:10,6
DA:16,1
DA:20,8
DA:24,3
DA:25,3
DA:26,3
DA:28,3
DA:29,3
DA:30,2
DA:33,2
DA:35,2
DA:43,2
DA:45,1
DA:46,1
DA:55,1
DA:60,6
DA:61,6
DA:62,6
DA:63,6
DA:64,84
DA:67,5
DA:68,5
DA:75,5
DA:77,1
DA:85,1
LF:29
LH:29
BRDA:25,0,0,3
BRDA:25,0,1,3
BRDA:53,1,0,1
BRDA:53,1,1,0
BRDA:59,2,0,5
BRDA:60,3,0,6
BRDA:60,3,1,6
BRDA:83,4,0,1
BRDA:83,4,1,0
BRF:9
BRH:7
end_of_record
